c:\users\yueyuan\source\repos\stitch\stitch\x64\debug\stitch.pch
c:\users\yueyuan\source\repos\stitch\stitch\x64\debug\vc142.pdb
c:\users\yueyuan\source\repos\stitch\stitch\x64\debug\vc142.idb
c:\users\yueyuan\source\repos\stitch\stitch\x64\debug\pch.obj
c:\users\yueyuan\source\repos\stitch\stitch\x64\debug\stitch.obj
c:\users\yueyuan\source\repos\stitch\stitch\x64\debug\dllmain.obj
c:\users\yueyuan\source\repos\stitch\stitch\x64\debug\kdtree.obj
c:\users\yueyuan\source\repos\stitch\x64\debug\stitch.dll
c:\users\yueyuan\source\repos\stitch\x64\debug\stitch.ilk
c:\users\yueyuan\source\repos\stitch\x64\debug\stitch.pdb
c:\users\yueyuan\source\repos\stitch\x64\debug\stitch.lib
c:\users\yueyuan\source\repos\stitch\x64\debug\stitch.exp
c:\users\yueyuan\source\repos\stitch\stitch\x64\debug\stitch.tlog\cl.command.1.tlog
c:\users\yueyuan\source\repos\stitch\stitch\x64\debug\stitch.tlog\cl.read.1.tlog
c:\users\yueyuan\source\repos\stitch\stitch\x64\debug\stitch.tlog\cl.write.1.tlog
c:\users\yueyuan\source\repos\stitch\stitch\x64\debug\stitch.tlog\link.956.delete.1.tlog
c:\users\yueyuan\source\repos\stitch\stitch\x64\debug\stitch.tlog\link.command.1.tlog
c:\users\yueyuan\source\repos\stitch\stitch\x64\debug\stitch.tlog\link.read.1.tlog
c:\users\yueyuan\source\repos\stitch\stitch\x64\debug\stitch.tlog\link.write.1.tlog
c:\users\yueyuan\source\repos\stitch\stitch\x64\debug\stitch.tlog\stitch.write.1u.tlog
